
2024-07-12 17:25:28 INFO: database created
2024-07-12 17:25:28 INFO: green_taxi table created
2024-07-12 17:25:28 INFO: Yellow_taxi table created
2024-07-12 17:25:33 INFO: Read parquet file: scraped_data/yellow_tripdata_2019-01.parquet
2024-07-12 17:25:38 INFO: Selected required columns
2024-07-12 17:25:42 INFO: Dropped rows with null values, remaining rows: 2811730
2024-07-12 17:25:42 INFO: Converted datetime columns to timestamp
2024-07-12 17:25:43 INFO: Created trip_duration column
2024-07-12 17:25:43 INFO: Created average_speed column
2024-07-12 17:25:43 INFO: database connection stablised
2024-07-12 17:26:38 INFO: data saved into the database
2024-07-12 17:26:42 INFO: Read parquet file: scraped_data/yellow_tripdata_2019-02.parquet
2024-07-12 17:26:43 INFO: Selected required columns
2024-07-12 17:26:47 INFO: Dropped rows with null values, remaining rows: 7019707
2024-07-12 17:26:47 INFO: Converted datetime columns to timestamp
2024-07-12 17:26:48 INFO: Created trip_duration column
2024-07-12 17:26:48 INFO: Created average_speed column
2024-07-12 17:26:48 INFO: database connection stablised
2024-07-12 17:32:03 INFO: data saved into the database
2024-07-12 17:32:09 INFO: Read parquet file: scraped_data/yellow_tripdata_2019-03.parquet
2024-07-12 17:32:11 INFO: Selected required columns
2024-07-12 17:32:14 INFO: Dropped rows with null values, remaining rows: 7833146
2024-07-12 17:32:15 INFO: Converted datetime columns to timestamp
2024-07-12 17:32:15 INFO: Created trip_duration column
2024-07-12 17:32:15 INFO: Created average_speed column
2024-07-12 17:32:15 INFO: database connection stablised
2024-07-12 17:37:53 INFO: data saved into the database
2024-07-12 17:38:01 INFO: Read parquet file: scraped_data/yellow_tripdata_2019-04.parquet
2024-07-12 17:38:02 INFO: Selected required columns
2024-07-12 17:38:05 INFO: Dropped rows with null values, remaining rows: 7433493
2024-07-12 17:38:06 INFO: Converted datetime columns to timestamp
2024-07-12 17:38:07 INFO: Created trip_duration column
2024-07-12 17:38:07 INFO: Created average_speed column
2024-07-12 17:38:07 INFO: database connection stablised
2024-07-12 17:43:15 INFO: data saved into the database
2024-07-12 17:43:19 INFO: Read parquet file: scraped_data/yellow_tripdata_2019-05.parquet
2024-07-12 17:43:21 INFO: Selected required columns
2024-07-12 17:43:24 INFO: Dropped rows with null values, remaining rows: 7565675
2024-07-12 17:43:24 INFO: Converted datetime columns to timestamp
2024-07-12 17:43:25 INFO: Created trip_duration column
2024-07-12 17:43:25 INFO: Created average_speed column
2024-07-12 17:43:25 INFO: database connection stablised
2024-07-12 17:48:33 INFO: data saved into the database
2024-07-12 17:48:37 INFO: Read parquet file: scraped_data/yellow_tripdata_2019-06.parquet
2024-07-12 17:48:39 INFO: Selected required columns
2024-07-12 17:48:42 INFO: Dropped rows with null values, remaining rows: 6940813
2024-07-12 17:48:43 INFO: Converted datetime columns to timestamp
2024-07-12 17:48:43 INFO: Created trip_duration column
2024-07-12 17:48:44 INFO: Created average_speed column
2024-07-12 17:48:44 INFO: database connection stablised
2024-07-12 17:53:45 INFO: data saved into the database
2024-07-12 17:53:49 INFO: Read parquet file: scraped_data/yellow_tripdata_2019-07.parquet
2024-07-12 17:53:50 INFO: Selected required columns
2024-07-12 17:53:53 INFO: Dropped rows with null values, remaining rows: 6276460
2024-07-12 17:53:53 INFO: Converted datetime columns to timestamp
2024-07-12 17:53:54 INFO: Created trip_duration column
2024-07-12 17:53:54 INFO: Created average_speed column
2024-07-12 17:53:54 INFO: database connection stablised
2024-07-12 17:57:09 INFO: data saved into the database
2024-07-12 17:57:13 INFO: Read parquet file: scraped_data/yellow_tripdata_2019-08.parquet
2024-07-12 17:57:14 INFO: Selected required columns
2024-07-12 17:57:16 INFO: Dropped rows with null values, remaining rows: 6040036
2024-07-12 17:57:17 INFO: Converted datetime columns to timestamp
2024-07-12 17:57:17 INFO: Created trip_duration column
2024-07-12 17:57:17 INFO: Created average_speed column
2024-07-12 17:57:17 INFO: database connection stablised
2024-07-12 18:00:18 INFO: data saved into the database
2024-07-12 18:00:22 INFO: Read parquet file: scraped_data/yellow_tripdata_2019-09.parquet
2024-07-12 18:00:23 INFO: Selected required columns
2024-07-12 18:00:26 INFO: Dropped rows with null values, remaining rows: 6533698
2024-07-12 18:00:27 INFO: Converted datetime columns to timestamp
2024-07-12 18:00:27 INFO: Created trip_duration column
2024-07-12 18:00:27 INFO: Created average_speed column
2024-07-12 18:00:27 INFO: database connection stablised
2024-07-12 18:04:17 INFO: data saved into the database
2024-07-12 18:04:21 INFO: Read parquet file: scraped_data/yellow_tripdata_2019-10.parquet
2024-07-12 18:04:22 INFO: Selected required columns
2024-07-12 18:04:25 INFO: Dropped rows with null values, remaining rows: 7167168
2024-07-12 18:04:25 INFO: Converted datetime columns to timestamp
2024-07-12 18:04:25 INFO: Created trip_duration column
2024-07-12 18:04:26 INFO: Created average_speed column
2024-07-12 18:04:26 INFO: database connection stablised
2024-07-12 18:09:12 INFO: data saved into the database
2024-07-12 18:09:16 INFO: Read parquet file: scraped_data/yellow_tripdata_2019-11.parquet
2024-07-12 18:09:17 INFO: Selected required columns
2024-07-12 18:09:20 INFO: Dropped rows with null values, remaining rows: 6830618
2024-07-12 18:09:21 INFO: Converted datetime columns to timestamp
2024-07-12 18:09:21 INFO: Created trip_duration column
2024-07-12 18:09:21 INFO: Created average_speed column
2024-07-12 18:09:21 INFO: database connection stablised
2024-07-12 18:14:04 INFO: data saved into the database
2024-07-12 18:14:08 INFO: Read parquet file: scraped_data/yellow_tripdata_2019-12.parquet
2024-07-12 18:14:09 INFO: Selected required columns
2024-07-12 18:14:12 INFO: Dropped rows with null values, remaining rows: 6845299
2024-07-12 18:14:12 INFO: Converted datetime columns to timestamp
2024-07-12 18:14:13 INFO: Created trip_duration column
2024-07-12 18:14:13 INFO: Created average_speed column
2024-07-12 18:14:13 INFO: database connection stablised
2024-07-12 18:18:56 INFO: data saved into the database
2024-07-12 18:18:58 INFO: Read parquet file: scraped_data/green_tripdata_2019-01.parquet
2024-07-12 18:18:58 ERROR: An error occurred while stopping the Spark session: "['trip_typecongestion_surcharge'] not in index"
2024-07-12 18:18:58 INFO: Read parquet file: scraped_data/green_tripdata_2019-02.parquet
2024-07-12 18:18:58 ERROR: An error occurred while stopping the Spark session: "['trip_typecongestion_surcharge'] not in index"
2024-07-12 18:19:01 INFO: Read parquet file: scraped_data/green_tripdata_2019-03.parquet
2024-07-12 18:19:01 ERROR: An error occurred while stopping the Spark session: "['trip_typecongestion_surcharge'] not in index"
2024-07-12 18:19:02 INFO: Read parquet file: scraped_data/green_tripdata_2019-04.parquet
2024-07-12 18:19:02 ERROR: An error occurred while stopping the Spark session: "['trip_typecongestion_surcharge'] not in index"
2024-07-12 18:19:02 INFO: Read parquet file: scraped_data/green_tripdata_2019-05.parquet
2024-07-12 18:19:02 ERROR: An error occurred while stopping the Spark session: "['trip_typecongestion_surcharge'] not in index"
2024-07-12 18:19:02 INFO: Read parquet file: scraped_data/green_tripdata_2019-06.parquet
2024-07-12 18:19:02 ERROR: An error occurred while stopping the Spark session: "['trip_typecongestion_surcharge'] not in index"
2024-07-12 18:19:03 INFO: Read parquet file: scraped_data/green_tripdata_2019-07.parquet
2024-07-12 18:19:03 ERROR: An error occurred while stopping the Spark session: "['trip_typecongestion_surcharge'] not in index"
2024-07-12 18:19:03 INFO: Read parquet file: scraped_data/green_tripdata_2019-08.parquet
2024-07-12 18:19:03 ERROR: An error occurred while stopping the Spark session: "['trip_typecongestion_surcharge'] not in index"
2024-07-12 18:19:04 INFO: Read parquet file: scraped_data/green_tripdata_2019-09.parquet
2024-07-12 18:19:04 ERROR: An error occurred while stopping the Spark session: "['trip_typecongestion_surcharge'] not in index"
2024-07-12 18:19:05 INFO: Read parquet file: scraped_data/green_tripdata_2019-10.parquet
2024-07-12 18:19:05 ERROR: An error occurred while stopping the Spark session: "['trip_typecongestion_surcharge'] not in index"
2024-07-12 18:19:06 INFO: Read parquet file: scraped_data/green_tripdata_2019-11.parquet
2024-07-12 18:19:06 ERROR: An error occurred while stopping the Spark session: "['trip_typecongestion_surcharge'] not in index"
2024-07-12 18:19:06 INFO: Read parquet file: scraped_data/green_tripdata_2019-12.parquet
2024-07-12 18:19:06 ERROR: An error occurred while stopping the Spark session: "['trip_typecongestion_surcharge'] not in index"
2024-07-12 18:22:10 INFO: database created
2024-07-12 18:22:10 INFO: green_taxi table created
2024-07-12 18:22:10 INFO: Yellow_taxi table created
2024-07-12 18:22:13 INFO: Read parquet file: scraped_data/yellow_tripdata_2019-01.parquet
2024-07-12 18:22:15 INFO: Selected required columns
2024-07-12 18:22:16 INFO: Dropped rows with null values, remaining rows: 2811730
2024-07-12 18:22:16 INFO: Converted datetime columns to timestamp
2024-07-12 18:22:17 INFO: Created trip_duration column
2024-07-12 18:22:17 INFO: Created average_speed column
2024-07-12 18:22:17 INFO: database connection stablised
2024-07-12 18:23:09 INFO: data saved into the database
2024-07-12 18:23:09 INFO: connection closed
2024-07-12 18:23:12 INFO: Read parquet file: scraped_data/yellow_tripdata_2019-02.parquet
2024-07-12 18:23:13 INFO: Selected required columns
2024-07-12 18:23:16 INFO: Dropped rows with null values, remaining rows: 7019707
2024-07-12 18:23:16 INFO: Converted datetime columns to timestamp
2024-07-12 18:23:16 INFO: Created trip_duration column
2024-07-12 18:23:17 INFO: Created average_speed column
2024-07-12 18:23:17 INFO: database connection stablised
2024-07-12 18:27:07 INFO: data saved into the database
2024-07-12 18:27:07 INFO: connection closed
2024-07-12 18:27:11 INFO: Read parquet file: scraped_data/yellow_tripdata_2019-03.parquet
2024-07-12 18:27:13 INFO: Selected required columns
2024-07-12 18:27:16 INFO: Dropped rows with null values, remaining rows: 7833146
2024-07-12 18:27:16 INFO: Converted datetime columns to timestamp
2024-07-12 18:27:17 INFO: Created trip_duration column
2024-07-12 18:27:17 INFO: Created average_speed column
2024-07-12 18:27:17 INFO: database connection stablised
2024-07-12 18:31:51 INFO: data saved into the database
2024-07-12 18:31:51 INFO: connection closed
2024-07-12 18:31:55 INFO: Read parquet file: scraped_data/yellow_tripdata_2019-04.parquet
2024-07-12 18:31:57 INFO: Selected required columns
2024-07-12 18:32:00 INFO: Dropped rows with null values, remaining rows: 7433493
2024-07-12 18:32:00 INFO: Converted datetime columns to timestamp
2024-07-12 18:32:01 INFO: Created trip_duration column
2024-07-12 18:32:01 INFO: Created average_speed column
2024-07-12 18:32:01 INFO: database connection stablised
2024-07-12 18:36:38 INFO: data saved into the database
2024-07-12 18:36:38 INFO: connection closed
2024-07-12 18:36:42 INFO: Read parquet file: scraped_data/yellow_tripdata_2019-05.parquet
2024-07-12 18:36:44 INFO: Selected required columns
2024-07-12 18:36:47 INFO: Dropped rows with null values, remaining rows: 7565675
2024-07-12 18:36:47 INFO: Converted datetime columns to timestamp
2024-07-12 18:36:47 INFO: Created trip_duration column
2024-07-12 18:36:47 INFO: Created average_speed column
2024-07-12 18:36:47 INFO: database connection stablised
2024-07-12 18:41:15 INFO: data saved into the database
2024-07-12 18:41:15 INFO: connection closed
2024-07-12 18:41:19 INFO: Read parquet file: scraped_data/yellow_tripdata_2019-06.parquet
2024-07-12 18:41:21 INFO: Selected required columns
2024-07-12 18:41:24 INFO: Dropped rows with null values, remaining rows: 6940813
2024-07-12 18:41:25 INFO: Converted datetime columns to timestamp
2024-07-12 18:41:26 INFO: Created trip_duration column
2024-07-12 18:41:26 INFO: Created average_speed column
2024-07-12 18:41:26 INFO: database connection stablised
2024-07-12 18:45:29 INFO: data saved into the database
2024-07-12 18:45:29 INFO: connection closed
2024-07-12 18:45:33 INFO: Read parquet file: scraped_data/yellow_tripdata_2019-07.parquet
2024-07-12 18:45:34 INFO: Selected required columns
2024-07-12 18:45:36 INFO: Dropped rows with null values, remaining rows: 6276460
2024-07-12 18:45:37 INFO: Converted datetime columns to timestamp
2024-07-12 18:45:37 INFO: Created trip_duration column
2024-07-12 18:45:37 INFO: Created average_speed column
2024-07-12 18:45:37 INFO: database connection stablised
2024-07-12 18:49:09 INFO: data saved into the database
2024-07-12 18:49:09 INFO: connection closed
2024-07-12 18:49:13 INFO: Read parquet file: scraped_data/yellow_tripdata_2019-08.parquet
2024-07-12 18:49:14 INFO: Selected required columns
2024-07-12 18:49:17 INFO: Dropped rows with null values, remaining rows: 6040036
2024-07-12 18:49:17 INFO: Converted datetime columns to timestamp
2024-07-12 18:49:17 INFO: Created trip_duration column
2024-07-12 18:49:17 INFO: Created average_speed column
2024-07-12 18:49:17 INFO: database connection stablised
2024-07-12 18:51:53 INFO: data saved into the database
2024-07-12 18:51:53 INFO: connection closed
2024-07-12 18:51:57 INFO: Read parquet file: scraped_data/yellow_tripdata_2019-09.parquet
2024-07-12 18:51:59 INFO: Selected required columns
2024-07-12 18:52:01 INFO: Dropped rows with null values, remaining rows: 6533698
2024-07-12 18:52:02 INFO: Converted datetime columns to timestamp
2024-07-12 18:52:02 INFO: Created trip_duration column
2024-07-12 18:52:03 INFO: Created average_speed column
2024-07-12 18:52:03 INFO: database connection stablised
2024-07-12 18:55:16 INFO: data saved into the database
2024-07-12 18:55:16 INFO: connection closed
2024-07-12 18:55:20 INFO: Read parquet file: scraped_data/yellow_tripdata_2019-10.parquet
2024-07-12 18:55:21 INFO: Selected required columns
2024-07-12 18:55:24 INFO: Dropped rows with null values, remaining rows: 7167168
2024-07-12 18:55:24 INFO: Converted datetime columns to timestamp
2024-07-12 18:55:24 INFO: Created trip_duration column
2024-07-12 18:55:25 INFO: Created average_speed column
2024-07-12 18:55:25 INFO: database connection stablised
2024-07-12 19:00:04 INFO: data saved into the database
2024-07-12 19:00:04 INFO: connection closed
2024-07-12 19:00:08 INFO: Read parquet file: scraped_data/yellow_tripdata_2019-11.parquet
2024-07-12 19:00:09 INFO: Selected required columns
2024-07-12 19:00:13 INFO: Dropped rows with null values, remaining rows: 6830618
2024-07-12 19:00:14 INFO: Converted datetime columns to timestamp
2024-07-12 19:00:14 INFO: Created trip_duration column
2024-07-12 19:00:14 INFO: Created average_speed column
2024-07-12 19:00:14 INFO: database connection stablised
2024-07-12 19:04:54 INFO: data saved into the database
2024-07-12 19:04:54 INFO: connection closed
2024-07-12 19:04:59 INFO: Read parquet file: scraped_data/yellow_tripdata_2019-12.parquet
2024-07-12 19:05:00 INFO: Selected required columns
2024-07-12 19:05:04 INFO: Dropped rows with null values, remaining rows: 6845299
2024-07-12 19:05:04 INFO: Converted datetime columns to timestamp
2024-07-12 19:05:05 INFO: Created trip_duration column
2024-07-12 19:05:05 INFO: Created average_speed column
2024-07-12 19:05:05 INFO: database connection stablised
2024-07-12 19:09:51 INFO: data saved into the database
2024-07-12 19:09:51 INFO: connection closed
2024-07-12 19:09:52 INFO: Read parquet file: scraped_data/green_tripdata_2019-01.parquet
2024-07-12 19:09:52 INFO: Selected required columns
2024-07-12 19:09:53 INFO: Dropped rows with null values, remaining rows: 84399
2024-07-12 19:09:53 INFO: Converted datetime columns to timestamp
2024-07-12 19:09:53 INFO: Created trip_duration column
2024-07-12 19:09:53 INFO: Created average_speed column
2024-07-12 19:09:53 INFO: database connection stablised
2024-07-12 19:09:55 INFO: data saved into the database
2024-07-12 19:09:55 INFO: connection closed
2024-07-12 19:09:55 INFO: Read parquet file: scraped_data/green_tripdata_2019-02.parquet
2024-07-12 19:09:55 INFO: Selected required columns
2024-07-12 19:09:56 INFO: Dropped rows with null values, remaining rows: 574780
2024-07-12 19:09:56 INFO: Converted datetime columns to timestamp
2024-07-12 19:09:56 INFO: Created trip_duration column
2024-07-12 19:09:56 INFO: Created average_speed column
2024-07-12 19:09:56 INFO: database connection stablised
2024-07-12 19:10:14 INFO: data saved into the database
2024-07-12 19:10:14 INFO: connection closed
2024-07-12 19:10:15 INFO: Read parquet file: scraped_data/green_tripdata_2019-03.parquet
2024-07-12 19:10:15 INFO: Selected required columns
2024-07-12 19:10:15 INFO: Dropped rows with null values, remaining rows: 600230
2024-07-12 19:10:15 INFO: Converted datetime columns to timestamp
2024-07-12 19:10:15 INFO: Created trip_duration column
2024-07-12 19:10:16 INFO: Created average_speed column
2024-07-12 19:10:16 INFO: database connection stablised
2024-07-12 19:10:26 INFO: data saved into the database
2024-07-12 19:10:26 INFO: connection closed
2024-07-12 19:10:26 INFO: Read parquet file: scraped_data/green_tripdata_2019-04.parquet
2024-07-12 19:10:26 INFO: Selected required columns
2024-07-12 19:10:27 INFO: Dropped rows with null values, remaining rows: 513717
2024-07-12 19:10:27 INFO: Converted datetime columns to timestamp
2024-07-12 19:10:27 INFO: Created trip_duration column
2024-07-12 19:10:27 INFO: Created average_speed column
2024-07-12 19:10:27 INFO: database connection stablised
2024-07-12 19:10:34 INFO: data saved into the database
2024-07-12 19:10:34 INFO: connection closed
2024-07-12 19:10:35 INFO: Read parquet file: scraped_data/green_tripdata_2019-05.parquet
2024-07-12 19:10:35 INFO: Selected required columns
2024-07-12 19:10:35 INFO: Dropped rows with null values, remaining rows: 504189
2024-07-12 19:10:35 INFO: Converted datetime columns to timestamp
2024-07-12 19:10:35 INFO: Created trip_duration column
2024-07-12 19:10:35 INFO: Created average_speed column
2024-07-12 19:10:35 INFO: database connection stablised
2024-07-12 19:10:42 INFO: data saved into the database
2024-07-12 19:10:42 INFO: connection closed
2024-07-12 19:10:42 INFO: Read parquet file: scraped_data/green_tripdata_2019-06.parquet
2024-07-12 19:10:42 INFO: Selected required columns
2024-07-12 19:10:43 INFO: Dropped rows with null values, remaining rows: 470974
2024-07-12 19:10:43 INFO: Converted datetime columns to timestamp
2024-07-12 19:10:43 INFO: Created trip_duration column
2024-07-12 19:10:43 INFO: Created average_speed column
2024-07-12 19:10:43 INFO: database connection stablised
2024-07-12 19:10:50 INFO: data saved into the database
2024-07-12 19:10:50 INFO: connection closed
2024-07-12 19:10:50 INFO: Read parquet file: scraped_data/green_tripdata_2019-07.parquet
2024-07-12 19:10:50 INFO: Selected required columns
2024-07-12 19:10:50 INFO: Dropped rows with null values, remaining rows: 433104
2024-07-12 19:10:50 INFO: Converted datetime columns to timestamp
2024-07-12 19:10:51 INFO: Created trip_duration column
2024-07-12 19:10:51 INFO: Created average_speed column
2024-07-12 19:10:51 INFO: database connection stablised
2024-07-12 19:10:58 INFO: data saved into the database
2024-07-12 19:10:58 INFO: connection closed
2024-07-12 19:10:58 INFO: Read parquet file: scraped_data/green_tripdata_2019-08.parquet
2024-07-12 19:10:58 INFO: Selected required columns
2024-07-12 19:10:59 INFO: Dropped rows with null values, remaining rows: 399190
2024-07-12 19:10:59 INFO: Converted datetime columns to timestamp
2024-07-12 19:10:59 INFO: Created trip_duration column
2024-07-12 19:10:59 INFO: Created average_speed column
2024-07-12 19:10:59 INFO: database connection stablised
2024-07-12 19:11:06 INFO: data saved into the database
2024-07-12 19:11:06 INFO: connection closed
2024-07-12 19:11:06 INFO: Read parquet file: scraped_data/green_tripdata_2019-09.parquet
2024-07-12 19:11:06 INFO: Selected required columns
2024-07-12 19:11:06 INFO: Dropped rows with null values, remaining rows: 389920
2024-07-12 19:11:07 INFO: Converted datetime columns to timestamp
2024-07-12 19:11:07 INFO: Created trip_duration column
2024-07-12 19:11:07 INFO: Created average_speed column
2024-07-12 19:11:07 INFO: database connection stablised
2024-07-12 19:11:13 INFO: data saved into the database
2024-07-12 19:11:13 INFO: connection closed
2024-07-12 19:11:13 INFO: Read parquet file: scraped_data/green_tripdata_2019-10.parquet
2024-07-12 19:11:13 INFO: Selected required columns
2024-07-12 19:11:13 INFO: Dropped rows with null values, remaining rows: 387005
2024-07-12 19:11:13 INFO: Converted datetime columns to timestamp
2024-07-12 19:11:13 INFO: Created trip_duration column
2024-07-12 19:11:13 INFO: Created average_speed column
2024-07-12 19:11:13 INFO: database connection stablised
2024-07-12 19:11:20 INFO: data saved into the database
2024-07-12 19:11:20 INFO: connection closed
2024-07-12 19:11:20 INFO: Read parquet file: scraped_data/green_tripdata_2019-11.parquet
2024-07-12 19:11:20 INFO: Selected required columns
2024-07-12 19:11:20 INFO: Dropped rows with null values, remaining rows: 362429
2024-07-12 19:11:20 INFO: Converted datetime columns to timestamp
2024-07-12 19:11:20 INFO: Created trip_duration column
2024-07-12 19:11:20 INFO: Created average_speed column
2024-07-12 19:11:20 INFO: database connection stablised
2024-07-12 19:11:26 INFO: data saved into the database
2024-07-12 19:11:26 INFO: connection closed
2024-07-12 19:11:26 INFO: Read parquet file: scraped_data/green_tripdata_2019-12.parquet
2024-07-12 19:11:26 INFO: Selected required columns
2024-07-12 19:11:27 INFO: Dropped rows with null values, remaining rows: 359900
2024-07-12 19:11:27 INFO: Converted datetime columns to timestamp
2024-07-12 19:11:27 INFO: Created trip_duration column
2024-07-12 19:11:27 INFO: Created average_speed column
2024-07-12 19:11:27 INFO: database connection stablised
2024-07-12 19:11:33 INFO: data saved into the database
2024-07-12 19:11:33 INFO: connection closed
